find_header: checking for sqlite3.h... -------------------- yes

"gcc -o conftest -I/usr/local/include/ruby-1.9.1/i686-linux -I/usr/local/include/ruby-1.9.1/ruby/backward -I/usr/local/include/ruby-1.9.1 -I.  -D_FILE_OFFSET_BITS=64   -O3 -ggdb -Wextra -Wno-unused-parameter -Wno-parentheses -Wno-long-long -Wno-missing-field-initializers -Wpointer-arith -Wwrite-strings -Wdeclaration-after-statement -Wimplicit-function-declaration conftest.c  -L. -L/usr/local/lib -Wl,-R/usr/local/lib -L.  -rdynamic -Wl,-export-dynamic     -Wl,-R -Wl,/usr/local/lib -L/usr/local/lib -lruby-static  -lpthread -lrt -ldl -lcrypt -lm   -lc"
checked program was:
/* begin */
1: #include "ruby.h"
2: 
3: int main() {return 0;}
/* end */

"gcc -E -I/usr/local/include/ruby-1.9.1/i686-linux -I/usr/local/include/ruby-1.9.1/ruby/backward -I/usr/local/include/ruby-1.9.1 -I.  -D_FILE_OFFSET_BITS=64   -O3 -ggdb -Wextra -Wno-unused-parameter -Wno-parentheses -Wno-long-long -Wno-missing-field-initializers -Wpointer-arith -Wwrite-strings -Wdeclaration-after-statement -Wimplicit-function-declaration  conftest.c -o conftest.i"
checked program was:
/* begin */
1: #include "ruby.h"
2: 
3: #include <sqlite3.h>
/* end */

--------------------

find_library: checking for sqlite3_libversion_number() in -lsqlite3... -------------------- yes

"gcc -o conftest -I/usr/local/include/ruby-1.9.1/i686-linux -I/usr/local/include/ruby-1.9.1/ruby/backward -I/usr/local/include/ruby-1.9.1 -I.  -D_FILE_OFFSET_BITS=64   -O3 -ggdb -Wextra -Wno-unused-parameter -Wno-parentheses -Wno-long-long -Wno-missing-field-initializers -Wpointer-arith -Wwrite-strings -Wdeclaration-after-statement -Wimplicit-function-declaration conftest.c  -L. -L/usr/local/lib -Wl,-R/usr/local/lib -L.  -rdynamic -Wl,-export-dynamic     -Wl,-R -Wl,/usr/local/lib -L/usr/local/lib -lruby-static -lsqlite3  -lpthread -lrt -ldl -lcrypt -lm   -lc"
conftest.c: In function 't':
conftest.c:5: error: 'sqlite3_libversion_number' undeclared (first use in this function)
conftest.c:5: error: (Each undeclared identifier is reported only once
conftest.c:5: error: for each function it appears in.)
checked program was:
/* begin */
1: #include "ruby.h"
2: 
3: /*top*/
4: int main() {return 0;}
5: int t() { void ((*volatile p)()); p = (void ((*)()))sqlite3_libversion_number; return 0; }
/* end */

"gcc -o conftest -I/usr/local/include/ruby-1.9.1/i686-linux -I/usr/local/include/ruby-1.9.1/ruby/backward -I/usr/local/include/ruby-1.9.1 -I.  -D_FILE_OFFSET_BITS=64   -O3 -ggdb -Wextra -Wno-unused-parameter -Wno-parentheses -Wno-long-long -Wno-missing-field-initializers -Wpointer-arith -Wwrite-strings -Wdeclaration-after-statement -Wimplicit-function-declaration conftest.c  -L. -L/usr/local/lib -Wl,-R/usr/local/lib -L.  -rdynamic -Wl,-export-dynamic     -Wl,-R -Wl,/usr/local/lib -L/usr/local/lib -lruby-static -lsqlite3  -lpthread -lrt -ldl -lcrypt -lm   -lc"
conftest.c: In function 't':
conftest.c:5: warning: implicit declaration of function 'sqlite3_libversion_number'
checked program was:
/* begin */
1: #include "ruby.h"
2: 
3: /*top*/
4: int main() {return 0;}
5: int t() { sqlite3_libversion_number(); return 0; }
/* end */

--------------------

have_func: checking for rb_proc_arity()... -------------------- yes

"gcc -o conftest -I/usr/local/include/ruby-1.9.1/i686-linux -I/usr/local/include/ruby-1.9.1/ruby/backward -I/usr/local/include/ruby-1.9.1 -I.  -D_FILE_OFFSET_BITS=64   -O3 -ggdb -Wextra -Wno-unused-parameter -Wno-parentheses -Wno-long-long -Wno-missing-field-initializers -Wpointer-arith -Wwrite-strings -Wdeclaration-after-statement -Wimplicit-function-declaration conftest.c  -L. -L/usr/local/lib -Wl,-R/usr/local/lib -L.  -rdynamic -Wl,-export-dynamic    -lsqlite3  -Wl,-R -Wl,/usr/local/lib -L/usr/local/lib -lruby-static -lsqlite3  -lpthread -lrt -ldl -lcrypt -lm   -lc"
checked program was:
/* begin */
1: #include "ruby.h"
2: 
3: /*top*/
4: int main() {return 0;}
5: int t() { void ((*volatile p)()); p = (void ((*)()))rb_proc_arity; return 0; }
/* end */

--------------------

have_func: checking for sqlite3_initialize()... -------------------- yes

"gcc -o conftest -I/usr/local/include/ruby-1.9.1/i686-linux -I/usr/local/include/ruby-1.9.1/ruby/backward -I/usr/local/include/ruby-1.9.1 -I.  -D_FILE_OFFSET_BITS=64   -O3 -ggdb -Wextra -Wno-unused-parameter -Wno-parentheses -Wno-long-long -Wno-missing-field-initializers -Wpointer-arith -Wwrite-strings -Wdeclaration-after-statement -Wimplicit-function-declaration conftest.c  -L. -L/usr/local/lib -Wl,-R/usr/local/lib -L.  -rdynamic -Wl,-export-dynamic    -lsqlite3  -Wl,-R -Wl,/usr/local/lib -L/usr/local/lib -lruby-static -lsqlite3  -lpthread -lrt -ldl -lcrypt -lm   -lc"
conftest.c: In function 't':
conftest.c:5: error: 'sqlite3_initialize' undeclared (first use in this function)
conftest.c:5: error: (Each undeclared identifier is reported only once
conftest.c:5: error: for each function it appears in.)
checked program was:
/* begin */
1: #include "ruby.h"
2: 
3: /*top*/
4: int main() {return 0;}
5: int t() { void ((*volatile p)()); p = (void ((*)()))sqlite3_initialize; return 0; }
/* end */

"gcc -o conftest -I/usr/local/include/ruby-1.9.1/i686-linux -I/usr/local/include/ruby-1.9.1/ruby/backward -I/usr/local/include/ruby-1.9.1 -I.  -D_FILE_OFFSET_BITS=64   -O3 -ggdb -Wextra -Wno-unused-parameter -Wno-parentheses -Wno-long-long -Wno-missing-field-initializers -Wpointer-arith -Wwrite-strings -Wdeclaration-after-statement -Wimplicit-function-declaration conftest.c  -L. -L/usr/local/lib -Wl,-R/usr/local/lib -L.  -rdynamic -Wl,-export-dynamic    -lsqlite3  -Wl,-R -Wl,/usr/local/lib -L/usr/local/lib -lruby-static -lsqlite3  -lpthread -lrt -ldl -lcrypt -lm   -lc"
conftest.c: In function 't':
conftest.c:5: warning: implicit declaration of function 'sqlite3_initialize'
checked program was:
/* begin */
1: #include "ruby.h"
2: 
3: /*top*/
4: int main() {return 0;}
5: int t() { sqlite3_initialize(); return 0; }
/* end */

--------------------

have_func: checking for sqlite3_backup_init()... -------------------- yes

"gcc -o conftest -I/usr/local/include/ruby-1.9.1/i686-linux -I/usr/local/include/ruby-1.9.1/ruby/backward -I/usr/local/include/ruby-1.9.1 -I.  -D_FILE_OFFSET_BITS=64   -O3 -ggdb -Wextra -Wno-unused-parameter -Wno-parentheses -Wno-long-long -Wno-missing-field-initializers -Wpointer-arith -Wwrite-strings -Wdeclaration-after-statement -Wimplicit-function-declaration conftest.c  -L. -L/usr/local/lib -Wl,-R/usr/local/lib -L.  -rdynamic -Wl,-export-dynamic    -lsqlite3  -Wl,-R -Wl,/usr/local/lib -L/usr/local/lib -lruby-static -lsqlite3  -lpthread -lrt -ldl -lcrypt -lm   -lc"
conftest.c: In function 't':
conftest.c:5: error: 'sqlite3_backup_init' undeclared (first use in this function)
conftest.c:5: error: (Each undeclared identifier is reported only once
conftest.c:5: error: for each function it appears in.)
checked program was:
/* begin */
1: #include "ruby.h"
2: 
3: /*top*/
4: int main() {return 0;}
5: int t() { void ((*volatile p)()); p = (void ((*)()))sqlite3_backup_init; return 0; }
/* end */

"gcc -o conftest -I/usr/local/include/ruby-1.9.1/i686-linux -I/usr/local/include/ruby-1.9.1/ruby/backward -I/usr/local/include/ruby-1.9.1 -I.  -D_FILE_OFFSET_BITS=64   -O3 -ggdb -Wextra -Wno-unused-parameter -Wno-parentheses -Wno-long-long -Wno-missing-field-initializers -Wpointer-arith -Wwrite-strings -Wdeclaration-after-statement -Wimplicit-function-declaration conftest.c  -L. -L/usr/local/lib -Wl,-R/usr/local/lib -L.  -rdynamic -Wl,-export-dynamic    -lsqlite3  -Wl,-R -Wl,/usr/local/lib -L/usr/local/lib -lruby-static -lsqlite3  -lpthread -lrt -ldl -lcrypt -lm   -lc"
conftest.c: In function 't':
conftest.c:5: warning: implicit declaration of function 'sqlite3_backup_init'
checked program was:
/* begin */
1: #include "ruby.h"
2: 
3: /*top*/
4: int main() {return 0;}
5: int t() { sqlite3_backup_init(); return 0; }
/* end */

--------------------

have_func: checking for sqlite3_column_database_name()... -------------------- yes

"gcc -o conftest -I/usr/local/include/ruby-1.9.1/i686-linux -I/usr/local/include/ruby-1.9.1/ruby/backward -I/usr/local/include/ruby-1.9.1 -I.  -D_FILE_OFFSET_BITS=64   -O3 -ggdb -Wextra -Wno-unused-parameter -Wno-parentheses -Wno-long-long -Wno-missing-field-initializers -Wpointer-arith -Wwrite-strings -Wdeclaration-after-statement -Wimplicit-function-declaration conftest.c  -L. -L/usr/local/lib -Wl,-R/usr/local/lib -L.  -rdynamic -Wl,-export-dynamic    -lsqlite3  -Wl,-R -Wl,/usr/local/lib -L/usr/local/lib -lruby-static -lsqlite3  -lpthread -lrt -ldl -lcrypt -lm   -lc"
conftest.c: In function 't':
conftest.c:5: error: 'sqlite3_column_database_name' undeclared (first use in this function)
conftest.c:5: error: (Each undeclared identifier is reported only once
conftest.c:5: error: for each function it appears in.)
checked program was:
/* begin */
1: #include "ruby.h"
2: 
3: /*top*/
4: int main() {return 0;}
5: int t() { void ((*volatile p)()); p = (void ((*)()))sqlite3_column_database_name; return 0; }
/* end */

"gcc -o conftest -I/usr/local/include/ruby-1.9.1/i686-linux -I/usr/local/include/ruby-1.9.1/ruby/backward -I/usr/local/include/ruby-1.9.1 -I.  -D_FILE_OFFSET_BITS=64   -O3 -ggdb -Wextra -Wno-unused-parameter -Wno-parentheses -Wno-long-long -Wno-missing-field-initializers -Wpointer-arith -Wwrite-strings -Wdeclaration-after-statement -Wimplicit-function-declaration conftest.c  -L. -L/usr/local/lib -Wl,-R/usr/local/lib -L.  -rdynamic -Wl,-export-dynamic    -lsqlite3  -Wl,-R -Wl,/usr/local/lib -L/usr/local/lib -lruby-static -lsqlite3  -lpthread -lrt -ldl -lcrypt -lm   -lc"
conftest.c: In function 't':
conftest.c:5: warning: implicit declaration of function 'sqlite3_column_database_name'
checked program was:
/* begin */
1: #include "ruby.h"
2: 
3: /*top*/
4: int main() {return 0;}
5: int t() { sqlite3_column_database_name(); return 0; }
/* end */

--------------------

have_func: checking for sqlite3_enable_load_extension()... -------------------- yes

"gcc -o conftest -I/usr/local/include/ruby-1.9.1/i686-linux -I/usr/local/include/ruby-1.9.1/ruby/backward -I/usr/local/include/ruby-1.9.1 -I.  -D_FILE_OFFSET_BITS=64   -O3 -ggdb -Wextra -Wno-unused-parameter -Wno-parentheses -Wno-long-long -Wno-missing-field-initializers -Wpointer-arith -Wwrite-strings -Wdeclaration-after-statement -Wimplicit-function-declaration conftest.c  -L. -L/usr/local/lib -Wl,-R/usr/local/lib -L.  -rdynamic -Wl,-export-dynamic    -lsqlite3  -Wl,-R -Wl,/usr/local/lib -L/usr/local/lib -lruby-static -lsqlite3  -lpthread -lrt -ldl -lcrypt -lm   -lc"
conftest.c: In function 't':
conftest.c:5: error: 'sqlite3_enable_load_extension' undeclared (first use in this function)
conftest.c:5: error: (Each undeclared identifier is reported only once
conftest.c:5: error: for each function it appears in.)
checked program was:
/* begin */
1: #include "ruby.h"
2: 
3: /*top*/
4: int main() {return 0;}
5: int t() { void ((*volatile p)()); p = (void ((*)()))sqlite3_enable_load_extension; return 0; }
/* end */

"gcc -o conftest -I/usr/local/include/ruby-1.9.1/i686-linux -I/usr/local/include/ruby-1.9.1/ruby/backward -I/usr/local/include/ruby-1.9.1 -I.  -D_FILE_OFFSET_BITS=64   -O3 -ggdb -Wextra -Wno-unused-parameter -Wno-parentheses -Wno-long-long -Wno-missing-field-initializers -Wpointer-arith -Wwrite-strings -Wdeclaration-after-statement -Wimplicit-function-declaration conftest.c  -L. -L/usr/local/lib -Wl,-R/usr/local/lib -L.  -rdynamic -Wl,-export-dynamic    -lsqlite3  -Wl,-R -Wl,/usr/local/lib -L/usr/local/lib -lruby-static -lsqlite3  -lpthread -lrt -ldl -lcrypt -lm   -lc"
conftest.c: In function 't':
conftest.c:5: warning: implicit declaration of function 'sqlite3_enable_load_extension'
checked program was:
/* begin */
1: #include "ruby.h"
2: 
3: /*top*/
4: int main() {return 0;}
5: int t() { sqlite3_enable_load_extension(); return 0; }
/* end */

--------------------

have_func: checking for sqlite3_load_extension()... -------------------- yes

"gcc -o conftest -I/usr/local/include/ruby-1.9.1/i686-linux -I/usr/local/include/ruby-1.9.1/ruby/backward -I/usr/local/include/ruby-1.9.1 -I.  -D_FILE_OFFSET_BITS=64   -O3 -ggdb -Wextra -Wno-unused-parameter -Wno-parentheses -Wno-long-long -Wno-missing-field-initializers -Wpointer-arith -Wwrite-strings -Wdeclaration-after-statement -Wimplicit-function-declaration conftest.c  -L. -L/usr/local/lib -Wl,-R/usr/local/lib -L.  -rdynamic -Wl,-export-dynamic    -lsqlite3  -Wl,-R -Wl,/usr/local/lib -L/usr/local/lib -lruby-static -lsqlite3  -lpthread -lrt -ldl -lcrypt -lm   -lc"
conftest.c: In function 't':
conftest.c:5: error: 'sqlite3_load_extension' undeclared (first use in this function)
conftest.c:5: error: (Each undeclared identifier is reported only once
conftest.c:5: error: for each function it appears in.)
checked program was:
/* begin */
1: #include "ruby.h"
2: 
3: /*top*/
4: int main() {return 0;}
5: int t() { void ((*volatile p)()); p = (void ((*)()))sqlite3_load_extension; return 0; }
/* end */

"gcc -o conftest -I/usr/local/include/ruby-1.9.1/i686-linux -I/usr/local/include/ruby-1.9.1/ruby/backward -I/usr/local/include/ruby-1.9.1 -I.  -D_FILE_OFFSET_BITS=64   -O3 -ggdb -Wextra -Wno-unused-parameter -Wno-parentheses -Wno-long-long -Wno-missing-field-initializers -Wpointer-arith -Wwrite-strings -Wdeclaration-after-statement -Wimplicit-function-declaration conftest.c  -L. -L/usr/local/lib -Wl,-R/usr/local/lib -L.  -rdynamic -Wl,-export-dynamic    -lsqlite3  -Wl,-R -Wl,/usr/local/lib -L/usr/local/lib -lruby-static -lsqlite3  -lpthread -lrt -ldl -lcrypt -lm   -lc"
conftest.c: In function 't':
conftest.c:5: warning: implicit declaration of function 'sqlite3_load_extension'
checked program was:
/* begin */
1: #include "ruby.h"
2: 
3: /*top*/
4: int main() {return 0;}
5: int t() { sqlite3_load_extension(); return 0; }
/* end */

--------------------

have_func: checking for sqlite3_open_v2()... -------------------- yes

"gcc -o conftest -I/usr/local/include/ruby-1.9.1/i686-linux -I/usr/local/include/ruby-1.9.1/ruby/backward -I/usr/local/include/ruby-1.9.1 -I.  -D_FILE_OFFSET_BITS=64   -O3 -ggdb -Wextra -Wno-unused-parameter -Wno-parentheses -Wno-long-long -Wno-missing-field-initializers -Wpointer-arith -Wwrite-strings -Wdeclaration-after-statement -Wimplicit-function-declaration conftest.c  -L. -L/usr/local/lib -Wl,-R/usr/local/lib -L.  -rdynamic -Wl,-export-dynamic    -lsqlite3  -Wl,-R -Wl,/usr/local/lib -L/usr/local/lib -lruby-static -lsqlite3  -lpthread -lrt -ldl -lcrypt -lm   -lc"
conftest.c: In function 't':
conftest.c:5: error: 'sqlite3_open_v2' undeclared (first use in this function)
conftest.c:5: error: (Each undeclared identifier is reported only once
conftest.c:5: error: for each function it appears in.)
checked program was:
/* begin */
1: #include "ruby.h"
2: 
3: /*top*/
4: int main() {return 0;}
5: int t() { void ((*volatile p)()); p = (void ((*)()))sqlite3_open_v2; return 0; }
/* end */

"gcc -o conftest -I/usr/local/include/ruby-1.9.1/i686-linux -I/usr/local/include/ruby-1.9.1/ruby/backward -I/usr/local/include/ruby-1.9.1 -I.  -D_FILE_OFFSET_BITS=64   -O3 -ggdb -Wextra -Wno-unused-parameter -Wno-parentheses -Wno-long-long -Wno-missing-field-initializers -Wpointer-arith -Wwrite-strings -Wdeclaration-after-statement -Wimplicit-function-declaration conftest.c  -L. -L/usr/local/lib -Wl,-R/usr/local/lib -L.  -rdynamic -Wl,-export-dynamic    -lsqlite3  -Wl,-R -Wl,/usr/local/lib -L/usr/local/lib -lruby-static -lsqlite3  -lpthread -lrt -ldl -lcrypt -lm   -lc"
conftest.c: In function 't':
conftest.c:5: warning: implicit declaration of function 'sqlite3_open_v2'
checked program was:
/* begin */
1: #include "ruby.h"
2: 
3: /*top*/
4: int main() {return 0;}
5: int t() { sqlite3_open_v2(); return 0; }
/* end */

--------------------

have_func: checking for sqlite3_prepare_v2()... -------------------- yes

"gcc -o conftest -I/usr/local/include/ruby-1.9.1/i686-linux -I/usr/local/include/ruby-1.9.1/ruby/backward -I/usr/local/include/ruby-1.9.1 -I.  -D_FILE_OFFSET_BITS=64   -O3 -ggdb -Wextra -Wno-unused-parameter -Wno-parentheses -Wno-long-long -Wno-missing-field-initializers -Wpointer-arith -Wwrite-strings -Wdeclaration-after-statement -Wimplicit-function-declaration conftest.c  -L. -L/usr/local/lib -Wl,-R/usr/local/lib -L.  -rdynamic -Wl,-export-dynamic    -lsqlite3  -Wl,-R -Wl,/usr/local/lib -L/usr/local/lib -lruby-static -lsqlite3  -lpthread -lrt -ldl -lcrypt -lm   -lc"
conftest.c: In function 't':
conftest.c:5: error: 'sqlite3_prepare_v2' undeclared (first use in this function)
conftest.c:5: error: (Each undeclared identifier is reported only once
conftest.c:5: error: for each function it appears in.)
checked program was:
/* begin */
1: #include "ruby.h"
2: 
3: /*top*/
4: int main() {return 0;}
5: int t() { void ((*volatile p)()); p = (void ((*)()))sqlite3_prepare_v2; return 0; }
/* end */

"gcc -o conftest -I/usr/local/include/ruby-1.9.1/i686-linux -I/usr/local/include/ruby-1.9.1/ruby/backward -I/usr/local/include/ruby-1.9.1 -I.  -D_FILE_OFFSET_BITS=64   -O3 -ggdb -Wextra -Wno-unused-parameter -Wno-parentheses -Wno-long-long -Wno-missing-field-initializers -Wpointer-arith -Wwrite-strings -Wdeclaration-after-statement -Wimplicit-function-declaration conftest.c  -L. -L/usr/local/lib -Wl,-R/usr/local/lib -L.  -rdynamic -Wl,-export-dynamic    -lsqlite3  -Wl,-R -Wl,/usr/local/lib -L/usr/local/lib -lruby-static -lsqlite3  -lpthread -lrt -ldl -lcrypt -lm   -lc"
conftest.c: In function 't':
conftest.c:5: warning: implicit declaration of function 'sqlite3_prepare_v2'
checked program was:
/* begin */
1: #include "ruby.h"
2: 
3: /*top*/
4: int main() {return 0;}
5: int t() { sqlite3_prepare_v2(); return 0; }
/* end */

--------------------

have_type: checking for sqlite3_int64 in sqlite3.h... -------------------- yes

"gcc -I/usr/local/include/ruby-1.9.1/i686-linux -I/usr/local/include/ruby-1.9.1/ruby/backward -I/usr/local/include/ruby-1.9.1 -I.  -D_FILE_OFFSET_BITS=64   -O3 -ggdb -Wextra -Wno-unused-parameter -Wno-parentheses -Wno-long-long -Wno-missing-field-initializers -Wpointer-arith -Wwrite-strings -Wdeclaration-after-statement -Wimplicit-function-declaration   -c conftest.c"
checked program was:
/* begin */
1: #include "ruby.h"
2: 
3: #include <sqlite3.h>
4: 
5: /*top*/
6: typedef sqlite3_int64 conftest_type;
7: int conftestval[sizeof(conftest_type)?1:-1];
/* end */

--------------------

have_type: checking for sqlite3_uint64 in sqlite3.h... -------------------- yes

"gcc -I/usr/local/include/ruby-1.9.1/i686-linux -I/usr/local/include/ruby-1.9.1/ruby/backward -I/usr/local/include/ruby-1.9.1 -I.  -D_FILE_OFFSET_BITS=64   -O3 -ggdb -Wextra -Wno-unused-parameter -Wno-parentheses -Wno-long-long -Wno-missing-field-initializers -Wpointer-arith -Wwrite-strings -Wdeclaration-after-statement -Wimplicit-function-declaration   -c conftest.c"
checked program was:
/* begin */
1: #include "ruby.h"
2: 
3: #include <sqlite3.h>
4: 
5: /*top*/
6: typedef sqlite3_uint64 conftest_type;
7: int conftestval[sizeof(conftest_type)?1:-1];
/* end */

--------------------

